#-----------------------------------------------------------
# Vivado v2020.1 (64-bit)
# SW Build 2902540 on Wed May 27 19:54:49 MDT 2020
# IP Build 2902112 on Wed May 27 22:43:36 MDT 2020
# Start of session at: Wed Jul  6 12:31:52 2022
# Process ID: 76604
# Current directory: C:/Users/miria/OneDrive/219119/Single_cycle_mips
# Command line: vivado.exe -gui_launcher_event rodinguilauncherevent79952 C:\Users\miria\OneDrive\219119\Single_cycle_mips\Single_cycle_mips.xpr
# Log file: C:/Users/miria/OneDrive/219119/Single_cycle_mips/vivado.log
# Journal file: C:/Users/miria/OneDrive/219119/Single_cycle_mips\vivado.jou
#-----------------------------------------------------------
start_gui
open_project C:/Users/miria/OneDrive/219119/Single_cycle_mips/Single_cycle_mips.xpr
Scanning sources...
Finished scanning sources
WARNING: [filemgmt 56-3] Default IP Output Path : Could not find the directory 'C:/Users/miria/OneDrive/219119/Single_cycle_mips/Single_cycle_mips.srcs/sources_1'.
INFO: [IP_Flow 19-234] Refreshing IP repositories
INFO: [IP_Flow 19-1704] No user IP repositories specified
INFO: [IP_Flow 19-2313] Loaded Vivado IP repository 'D:/Vivado/2020.1/data/ip'.
open_project: Time (s): cpu = 00:00:16 ; elapsed = 00:00:05 . Memory (MB): peak = 1026.957 ; gain = 0.000
update_compile_order -fileset sources_1
exit
INFO: [Common 17-206] Exiting Vivado at Wed Jul  6 12:32:30 2022...
