#-----------------------------------------------------------
# Vivado v2020.1 (64-bit)
# SW Build 2902540 on Wed May 27 19:54:49 MDT 2020
# IP Build 2902112 on Wed May 27 22:43:36 MDT 2020
# Start of session at: Wed Jul  6 12:09:01 2022
# Process ID: 64636
# Current directory: C:/Users/miria/OneDrive/HUA/6/project_aca
# Command line: vivado.exe -gui_launcher_event rodinguilauncherevent46008 C:\Users\miria\OneDrive\HUA\6\project_aca\project_aca.xpr
# Log file: C:/Users/miria/OneDrive/HUA/6/project_aca/vivado.log
# Journal file: C:/Users/miria/OneDrive/HUA/6/project_aca\vivado.jou
#-----------------------------------------------------------
start_gui
open_project C:/Users/miria/OneDrive/HUA/6/project_aca/project_aca.xpr
Scanning sources...
Finished scanning sources
INFO: [IP_Flow 19-234] Refreshing IP repositories
INFO: [IP_Flow 19-1704] No user IP repositories specified
INFO: [IP_Flow 19-2313] Loaded Vivado IP repository 'D:/Vivado/2020.1/data/ip'.
open_project: Time (s): cpu = 00:00:17 ; elapsed = 00:00:06 . Memory (MB): peak = 1028.906 ; gain = 0.000
update_compile_order -fileset sources_1
exit
INFO: [Common 17-206] Exiting Vivado at Wed Jul  6 12:09:43 2022...
